[0.275s] Invoking command in '/home/ssu/vision-node_ws/src/cup_stacking_verify': PYTHONPATH=/home/ssu/vision-node_ws/build/cup_stacking_verify/prefix_override:/usr/lib/python3/dist-packages/colcon_core/task/python/colcon_distutils_commands:/home/ssu/vision-node_ws/install/cup_stacking_verify/lib/python3.10/site-packages:${PYTHONPATH} /usr/bin/python3 -W ignore:setup.py install is deprecated -W ignore:easy_install command is deprecated setup.py egg_info --egg-base ../../build/cup_stacking_verify build --build-base /home/ssu/vision-node_ws/build/cup_stacking_verify/build install --record /home/ssu/vision-node_ws/build/cup_stacking_verify/install.log --single-version-externally-managed install_data
[0.376s] running egg_info
[0.377s] writing ../../build/cup_stacking_verify/cup_stacking_verify.egg-info/PKG-INFO
[0.377s] writing dependency_links to ../../build/cup_stacking_verify/cup_stacking_verify.egg-info/dependency_links.txt
[0.377s] writing entry points to ../../build/cup_stacking_verify/cup_stacking_verify.egg-info/entry_points.txt
[0.377s] writing requirements to ../../build/cup_stacking_verify/cup_stacking_verify.egg-info/requires.txt
[0.377s] writing top-level names to ../../build/cup_stacking_verify/cup_stacking_verify.egg-info/top_level.txt
[0.377s] reading manifest file '../../build/cup_stacking_verify/cup_stacking_verify.egg-info/SOURCES.txt'
[0.377s] writing manifest file '../../build/cup_stacking_verify/cup_stacking_verify.egg-info/SOURCES.txt'
[0.377s] running build
[0.377s] running build_py
[0.377s] running install
[0.377s] running install_lib
[0.378s] running install_data
[0.378s] running install_egg_info
[0.378s] removing '/home/ssu/vision-node_ws/install/cup_stacking_verify/lib/python3.10/site-packages/cup_stacking_verify-0.0.0-py3.10.egg-info' (and everything under it)
[0.381s] Copying ../../build/cup_stacking_verify/cup_stacking_verify.egg-info to /home/ssu/vision-node_ws/install/cup_stacking_verify/lib/python3.10/site-packages/cup_stacking_verify-0.0.0-py3.10.egg-info
[0.381s] running install_scripts
[0.390s] Installing test_publisher script to /home/ssu/vision-node_ws/install/cup_stacking_verify/lib/cup_stacking_verify
[0.390s] Installing verifier script to /home/ssu/vision-node_ws/install/cup_stacking_verify/lib/cup_stacking_verify
[0.390s] writing list of installed files to '/home/ssu/vision-node_ws/build/cup_stacking_verify/install.log'
[0.402s] Invoked command in '/home/ssu/vision-node_ws/src/cup_stacking_verify' returned '0': PYTHONPATH=/home/ssu/vision-node_ws/build/cup_stacking_verify/prefix_override:/usr/lib/python3/dist-packages/colcon_core/task/python/colcon_distutils_commands:/home/ssu/vision-node_ws/install/cup_stacking_verify/lib/python3.10/site-packages:${PYTHONPATH} /usr/bin/python3 -W ignore:setup.py install is deprecated -W ignore:easy_install command is deprecated setup.py egg_info --egg-base ../../build/cup_stacking_verify build --build-base /home/ssu/vision-node_ws/build/cup_stacking_verify/build install --record /home/ssu/vision-node_ws/build/cup_stacking_verify/install.log --single-version-externally-managed install_data
