[0.288s] Invoking command in '/home/ssu/vision-node_ws/build/cup_stacking_verify': PYTHONPATH=/home/ssu/vision-node_ws/build/cup_stacking_verify/prefix_override:/usr/lib/python3/dist-packages/colcon_core/task/python/colcon_distutils_commands:/home/ssu/vision-node_ws/install/cup_stacking_verify/lib/python3.10/site-packages:${PYTHONPATH} /usr/bin/python3 -W ignore:setup.py install is deprecated -W ignore:easy_install command is deprecated setup.py develop --uninstall --editable --build-directory /home/ssu/vision-node_ws/build/cup_stacking_verify/build
[0.406s] running develop
[0.480s] Removing /home/ssu/vision-node_ws/install/cup_stacking_verify/lib/python3.10/site-packages/cup-stacking-verify.egg-link (link to .)
[0.492s] Invoked command in '/home/ssu/vision-node_ws/build/cup_stacking_verify' returned '0': PYTHONPATH=/home/ssu/vision-node_ws/build/cup_stacking_verify/prefix_override:/usr/lib/python3/dist-packages/colcon_core/task/python/colcon_distutils_commands:/home/ssu/vision-node_ws/install/cup_stacking_verify/lib/python3.10/site-packages:${PYTHONPATH} /usr/bin/python3 -W ignore:setup.py install is deprecated -W ignore:easy_install command is deprecated setup.py develop --uninstall --editable --build-directory /home/ssu/vision-node_ws/build/cup_stacking_verify/build
[0.494s] Invoking command in '/home/ssu/vision-node_ws/src/cup_stacking_verify': PYTHONPATH=/home/ssu/vision-node_ws/build/cup_stacking_verify/prefix_override:/usr/lib/python3/dist-packages/colcon_core/task/python/colcon_distutils_commands:/home/ssu/vision-node_ws/install/cup_stacking_verify/lib/python3.10/site-packages:${PYTHONPATH} /usr/bin/python3 -W ignore:setup.py install is deprecated -W ignore:easy_install command is deprecated setup.py egg_info --egg-base ../../build/cup_stacking_verify build --build-base /home/ssu/vision-node_ws/build/cup_stacking_verify/build install --record /home/ssu/vision-node_ws/build/cup_stacking_verify/install.log --single-version-externally-managed install_data --force
[0.597s] running egg_info
[0.597s] writing ../../build/cup_stacking_verify/cup_stacking_verify.egg-info/PKG-INFO
[0.597s] writing dependency_links to ../../build/cup_stacking_verify/cup_stacking_verify.egg-info/dependency_links.txt
[0.598s] writing entry points to ../../build/cup_stacking_verify/cup_stacking_verify.egg-info/entry_points.txt
[0.599s] writing requirements to ../../build/cup_stacking_verify/cup_stacking_verify.egg-info/requires.txt
[0.599s] writing top-level names to ../../build/cup_stacking_verify/cup_stacking_verify.egg-info/top_level.txt
[0.599s] reading manifest file '../../build/cup_stacking_verify/cup_stacking_verify.egg-info/SOURCES.txt'
[0.599s] writing manifest file '../../build/cup_stacking_verify/cup_stacking_verify.egg-info/SOURCES.txt'
[0.599s] running build
[0.599s] running build_py
[0.600s] copying cup_stacking_verify/verifier_node.py -> /home/ssu/vision-node_ws/build/cup_stacking_verify/build/lib/cup_stacking_verify
[0.600s] copying cup_stacking_verify/test_pub.py -> /home/ssu/vision-node_ws/build/cup_stacking_verify/build/lib/cup_stacking_verify
[0.600s] running install
[0.600s] running install_lib
[0.601s] creating /home/ssu/vision-node_ws/install/cup_stacking_verify/lib/python3.10/site-packages/cup_stacking_verify
[0.601s] copying /home/ssu/vision-node_ws/build/cup_stacking_verify/build/lib/cup_stacking_verify/__init__.py -> /home/ssu/vision-node_ws/install/cup_stacking_verify/lib/python3.10/site-packages/cup_stacking_verify
[0.601s] copying /home/ssu/vision-node_ws/build/cup_stacking_verify/build/lib/cup_stacking_verify/verifier_node.py -> /home/ssu/vision-node_ws/install/cup_stacking_verify/lib/python3.10/site-packages/cup_stacking_verify
[0.601s] copying /home/ssu/vision-node_ws/build/cup_stacking_verify/build/lib/cup_stacking_verify/test_pub.py -> /home/ssu/vision-node_ws/install/cup_stacking_verify/lib/python3.10/site-packages/cup_stacking_verify
[0.601s] byte-compiling /home/ssu/vision-node_ws/install/cup_stacking_verify/lib/python3.10/site-packages/cup_stacking_verify/__init__.py to __init__.cpython-310.pyc
[0.602s] byte-compiling /home/ssu/vision-node_ws/install/cup_stacking_verify/lib/python3.10/site-packages/cup_stacking_verify/verifier_node.py to verifier_node.cpython-310.pyc
[0.602s] byte-compiling /home/ssu/vision-node_ws/install/cup_stacking_verify/lib/python3.10/site-packages/cup_stacking_verify/test_pub.py to test_pub.cpython-310.pyc
[0.603s] running install_data
[0.603s] copying resource/cup_stacking_verify -> /home/ssu/vision-node_ws/install/cup_stacking_verify/share/ament_index/resource_index/packages
[0.603s] copying package.xml -> /home/ssu/vision-node_ws/install/cup_stacking_verify/share/cup_stacking_verify
[0.603s] running install_egg_info
[0.604s] Copying ../../build/cup_stacking_verify/cup_stacking_verify.egg-info to /home/ssu/vision-node_ws/install/cup_stacking_verify/lib/python3.10/site-packages/cup_stacking_verify-0.0.0-py3.10.egg-info
[0.604s] running install_scripts
[0.614s] Installing test_publisher script to /home/ssu/vision-node_ws/install/cup_stacking_verify/lib/cup_stacking_verify
[0.614s] Installing verifier script to /home/ssu/vision-node_ws/install/cup_stacking_verify/lib/cup_stacking_verify
[0.614s] writing list of installed files to '/home/ssu/vision-node_ws/build/cup_stacking_verify/install.log'
[0.626s] Invoked command in '/home/ssu/vision-node_ws/src/cup_stacking_verify' returned '0': PYTHONPATH=/home/ssu/vision-node_ws/build/cup_stacking_verify/prefix_override:/usr/lib/python3/dist-packages/colcon_core/task/python/colcon_distutils_commands:/home/ssu/vision-node_ws/install/cup_stacking_verify/lib/python3.10/site-packages:${PYTHONPATH} /usr/bin/python3 -W ignore:setup.py install is deprecated -W ignore:easy_install command is deprecated setup.py egg_info --egg-base ../../build/cup_stacking_verify build --build-base /home/ssu/vision-node_ws/build/cup_stacking_verify/build install --record /home/ssu/vision-node_ws/build/cup_stacking_verify/install.log --single-version-externally-managed install_data --force
