[0.329s] Invoking command in '/home/eunwoosong/Projects/vision-node/build/cup_stacking_verify': PYTHONPATH=/home/eunwoosong/Projects/vision-node/build/cup_stacking_verify/prefix_override:/usr/lib/python3/dist-packages/colcon_core/task/python/colcon_distutils_commands:/home/eunwoosong/Projects/vision-node/install/cup_stacking_verify/lib/python3.10/site-packages:${PYTHONPATH} VIRTUAL_ENV_PROMPT=(.venv) /usr/bin/python3 -W ignore:setup.py install is deprecated -W ignore:easy_install command is deprecated setup.py develop --editable --build-directory /home/eunwoosong/Projects/vision-node/build/cup_stacking_verify/build --no-deps symlink_data --force
[0.451s] running develop
[0.528s] running egg_info
[0.528s] writing cup_stacking_verify.egg-info/PKG-INFO
[0.528s] writing dependency_links to cup_stacking_verify.egg-info/dependency_links.txt
[0.529s] writing entry points to cup_stacking_verify.egg-info/entry_points.txt
[0.529s] writing requirements to cup_stacking_verify.egg-info/requires.txt
[0.529s] writing top-level names to cup_stacking_verify.egg-info/top_level.txt
[0.529s] reading manifest file 'cup_stacking_verify.egg-info/SOURCES.txt'
[0.530s] writing manifest file 'cup_stacking_verify.egg-info/SOURCES.txt'
[0.530s] running build_ext
[0.530s] Creating /home/eunwoosong/Projects/vision-node/install/cup_stacking_verify/lib/python3.10/site-packages/cup-stacking-verify.egg-link (link to .)
[0.531s] Installing boxes_to_detections script to /home/eunwoosong/Projects/vision-node/install/cup_stacking_verify/lib/cup_stacking_verify
[0.531s] Installing test_publisher script to /home/eunwoosong/Projects/vision-node/install/cup_stacking_verify/lib/cup_stacking_verify
[0.531s] Installing topic_logger script to /home/eunwoosong/Projects/vision-node/install/cup_stacking_verify/lib/cup_stacking_verify
[0.531s] Installing verifier script to /home/eunwoosong/Projects/vision-node/install/cup_stacking_verify/lib/cup_stacking_verify
[0.531s] 
[0.531s] Installed /home/eunwoosong/Projects/vision-node/build/cup_stacking_verify
[0.531s] running symlink_data
[0.531s] symbolically linking /home/eunwoosong/Projects/vision-node/build/cup_stacking_verify/resource/cup_stacking_verify -> /home/eunwoosong/Projects/vision-node/install/cup_stacking_verify/share/ament_index/resource_index/packages
[0.531s] symbolically linking /home/eunwoosong/Projects/vision-node/build/cup_stacking_verify/package.xml -> /home/eunwoosong/Projects/vision-node/install/cup_stacking_verify/share/cup_stacking_verify
[0.531s] creating /home/eunwoosong/Projects/vision-node/install/cup_stacking_verify/share/cup_stacking_verify/launch
[0.531s] error: [Errno 2] No such file or directory: '/home/eunwoosong/Projects/vision-node/install/cup_stacking_verify/share/cup_stacking_verify/launch/cup_verify.launch.py'
[0.545s] Invoked command in '/home/eunwoosong/Projects/vision-node/build/cup_stacking_verify' returned '1': PYTHONPATH=/home/eunwoosong/Projects/vision-node/build/cup_stacking_verify/prefix_override:/usr/lib/python3/dist-packages/colcon_core/task/python/colcon_distutils_commands:/home/eunwoosong/Projects/vision-node/install/cup_stacking_verify/lib/python3.10/site-packages:${PYTHONPATH} VIRTUAL_ENV_PROMPT=(.venv) /usr/bin/python3 -W ignore:setup.py install is deprecated -W ignore:easy_install command is deprecated setup.py develop --editable --build-directory /home/eunwoosong/Projects/vision-node/build/cup_stacking_verify/build --no-deps symlink_data --force
