running egg_info
creating ../../build/cup_stacking_verify/cup_stacking_verify.egg-info
writing ../../build/cup_stacking_verify/cup_stacking_verify.egg-info/PKG-INFO
writing dependency_links to ../../build/cup_stacking_verify/cup_stacking_verify.egg-info/dependency_links.txt
writing entry points to ../../build/cup_stacking_verify/cup_stacking_verify.egg-info/entry_points.txt
writing requirements to ../../build/cup_stacking_verify/cup_stacking_verify.egg-info/requires.txt
writing top-level names to ../../build/cup_stacking_verify/cup_stacking_verify.egg-info/top_level.txt
writing manifest file '../../build/cup_stacking_verify/cup_stacking_verify.egg-info/SOURCES.txt'
reading manifest file '../../build/cup_stacking_verify/cup_stacking_verify.egg-info/SOURCES.txt'
writing manifest file '../../build/cup_stacking_verify/cup_stacking_verify.egg-info/SOURCES.txt'
running build
running build_py
creating /home/eunwoosong/Projects/vision-node/build/cup_stacking_verify/build
creating /home/eunwoosong/Projects/vision-node/build/cup_stacking_verify/build/lib
creating /home/eunwoosong/Projects/vision-node/build/cup_stacking_verify/build/lib/cup_stacking_verify
copying cup_stacking_verify/__init__.py -> /home/eunwoosong/Projects/vision-node/build/cup_stacking_verify/build/lib/cup_stacking_verify
copying cup_stacking_verify/test_pub.py -> /home/eunwoosong/Projects/vision-node/build/cup_stacking_verify/build/lib/cup_stacking_verify
copying cup_stacking_verify/verifier_node.py -> /home/eunwoosong/Projects/vision-node/build/cup_stacking_verify/build/lib/cup_stacking_verify
copying cup_stacking_verify/boxes_to_detections_node.py -> /home/eunwoosong/Projects/vision-node/build/cup_stacking_verify/build/lib/cup_stacking_verify
copying cup_stacking_verify/topic_logger_node.py -> /home/eunwoosong/Projects/vision-node/build/cup_stacking_verify/build/lib/cup_stacking_verify
running install
running install_lib
creating /home/eunwoosong/Projects/vision-node/install/cup_stacking_verify/lib/python3.10/site-packages/cup_stacking_verify
copying /home/eunwoosong/Projects/vision-node/build/cup_stacking_verify/build/lib/cup_stacking_verify/__init__.py -> /home/eunwoosong/Projects/vision-node/install/cup_stacking_verify/lib/python3.10/site-packages/cup_stacking_verify
copying /home/eunwoosong/Projects/vision-node/build/cup_stacking_verify/build/lib/cup_stacking_verify/test_pub.py -> /home/eunwoosong/Projects/vision-node/install/cup_stacking_verify/lib/python3.10/site-packages/cup_stacking_verify
copying /home/eunwoosong/Projects/vision-node/build/cup_stacking_verify/build/lib/cup_stacking_verify/verifier_node.py -> /home/eunwoosong/Projects/vision-node/install/cup_stacking_verify/lib/python3.10/site-packages/cup_stacking_verify
copying /home/eunwoosong/Projects/vision-node/build/cup_stacking_verify/build/lib/cup_stacking_verify/boxes_to_detections_node.py -> /home/eunwoosong/Projects/vision-node/install/cup_stacking_verify/lib/python3.10/site-packages/cup_stacking_verify
copying /home/eunwoosong/Projects/vision-node/build/cup_stacking_verify/build/lib/cup_stacking_verify/topic_logger_node.py -> /home/eunwoosong/Projects/vision-node/install/cup_stacking_verify/lib/python3.10/site-packages/cup_stacking_verify
byte-compiling /home/eunwoosong/Projects/vision-node/install/cup_stacking_verify/lib/python3.10/site-packages/cup_stacking_verify/__init__.py to __init__.cpython-310.pyc
byte-compiling /home/eunwoosong/Projects/vision-node/install/cup_stacking_verify/lib/python3.10/site-packages/cup_stacking_verify/test_pub.py to test_pub.cpython-310.pyc
byte-compiling /home/eunwoosong/Projects/vision-node/install/cup_stacking_verify/lib/python3.10/site-packages/cup_stacking_verify/verifier_node.py to verifier_node.cpython-310.pyc
byte-compiling /home/eunwoosong/Projects/vision-node/install/cup_stacking_verify/lib/python3.10/site-packages/cup_stacking_verify/boxes_to_detections_node.py to boxes_to_detections_node.cpython-310.pyc
byte-compiling /home/eunwoosong/Projects/vision-node/install/cup_stacking_verify/lib/python3.10/site-packages/cup_stacking_verify/topic_logger_node.py to topic_logger_node.cpython-310.pyc
running install_data
creating /home/eunwoosong/Projects/vision-node/install/cup_stacking_verify/share/ament_index
creating /home/eunwoosong/Projects/vision-node/install/cup_stacking_verify/share/ament_index/resource_index
creating /home/eunwoosong/Projects/vision-node/install/cup_stacking_verify/share/ament_index/resource_index/packages
copying resource/cup_stacking_verify -> /home/eunwoosong/Projects/vision-node/install/cup_stacking_verify/share/ament_index/resource_index/packages
copying package.xml -> /home/eunwoosong/Projects/vision-node/install/cup_stacking_verify/share/cup_stacking_verify
creating /home/eunwoosong/Projects/vision-node/install/cup_stacking_verify/share/cup_stacking_verify/launch
copying launch/cup_verify.launch.py -> /home/eunwoosong/Projects/vision-node/install/cup_stacking_verify/share/cup_stacking_verify/launch
creating /home/eunwoosong/Projects/vision-node/install/cup_stacking_verify/share/cup_stacking_verify/rviz
copying rviz/cup_verify.rviz -> /home/eunwoosong/Projects/vision-node/install/cup_stacking_verify/share/cup_stacking_verify/rviz
running install_egg_info
Copying ../../build/cup_stacking_verify/cup_stacking_verify.egg-info to /home/eunwoosong/Projects/vision-node/install/cup_stacking_verify/lib/python3.10/site-packages/cup_stacking_verify-0.0.0-py3.10.egg-info
running install_scripts
Installing boxes_to_detections script to /home/eunwoosong/Projects/vision-node/install/cup_stacking_verify/lib/cup_stacking_verify
Installing test_publisher script to /home/eunwoosong/Projects/vision-node/install/cup_stacking_verify/lib/cup_stacking_verify
Installing topic_logger script to /home/eunwoosong/Projects/vision-node/install/cup_stacking_verify/lib/cup_stacking_verify
Installing verifier script to /home/eunwoosong/Projects/vision-node/install/cup_stacking_verify/lib/cup_stacking_verify
writing list of installed files to '/home/eunwoosong/Projects/vision-node/build/cup_stacking_verify/install.log'
