[0.326s] Invoking command in '/home/eunwoosong/Projects/vision-node/src/cup_stacking_verify': PYTHONPATH=/home/eunwoosong/Projects/vision-node/build/cup_stacking_verify/prefix_override:/usr/lib/python3/dist-packages/colcon_core/task/python/colcon_distutils_commands:/home/eunwoosong/Projects/vision-node/install/cup_stacking_verify/lib/python3.10/site-packages:${PYTHONPATH} VIRTUAL_ENV_PROMPT=(.venv) /usr/bin/python3 -W ignore:setup.py install is deprecated -W ignore:easy_install command is deprecated setup.py egg_info --egg-base ../../build/cup_stacking_verify build --build-base /home/eunwoosong/Projects/vision-node/build/cup_stacking_verify/build install --record /home/eunwoosong/Projects/vision-node/build/cup_stacking_verify/install.log --single-version-externally-managed install_data
[0.444s] running egg_info
[0.444s] creating ../../build/cup_stacking_verify/cup_stacking_verify.egg-info
[0.444s] writing ../../build/cup_stacking_verify/cup_stacking_verify.egg-info/PKG-INFO
[0.444s] writing dependency_links to ../../build/cup_stacking_verify/cup_stacking_verify.egg-info/dependency_links.txt
[0.444s] writing entry points to ../../build/cup_stacking_verify/cup_stacking_verify.egg-info/entry_points.txt
[0.444s] writing requirements to ../../build/cup_stacking_verify/cup_stacking_verify.egg-info/requires.txt
[0.445s] writing top-level names to ../../build/cup_stacking_verify/cup_stacking_verify.egg-info/top_level.txt
[0.445s] writing manifest file '../../build/cup_stacking_verify/cup_stacking_verify.egg-info/SOURCES.txt'
[0.445s] reading manifest file '../../build/cup_stacking_verify/cup_stacking_verify.egg-info/SOURCES.txt'
[0.445s] writing manifest file '../../build/cup_stacking_verify/cup_stacking_verify.egg-info/SOURCES.txt'
[0.445s] running build
[0.445s] running build_py
[0.445s] creating /home/eunwoosong/Projects/vision-node/build/cup_stacking_verify/build
[0.445s] creating /home/eunwoosong/Projects/vision-node/build/cup_stacking_verify/build/lib
[0.445s] creating /home/eunwoosong/Projects/vision-node/build/cup_stacking_verify/build/lib/cup_stacking_verify
[0.445s] copying cup_stacking_verify/__init__.py -> /home/eunwoosong/Projects/vision-node/build/cup_stacking_verify/build/lib/cup_stacking_verify
[0.445s] copying cup_stacking_verify/test_pub.py -> /home/eunwoosong/Projects/vision-node/build/cup_stacking_verify/build/lib/cup_stacking_verify
[0.445s] copying cup_stacking_verify/verifier_node.py -> /home/eunwoosong/Projects/vision-node/build/cup_stacking_verify/build/lib/cup_stacking_verify
[0.445s] copying cup_stacking_verify/boxes_to_detections_node.py -> /home/eunwoosong/Projects/vision-node/build/cup_stacking_verify/build/lib/cup_stacking_verify
[0.445s] copying cup_stacking_verify/topic_logger_node.py -> /home/eunwoosong/Projects/vision-node/build/cup_stacking_verify/build/lib/cup_stacking_verify
[0.445s] running install
[0.445s] running install_lib
[0.446s] creating /home/eunwoosong/Projects/vision-node/install/cup_stacking_verify/lib/python3.10/site-packages/cup_stacking_verify
[0.446s] copying /home/eunwoosong/Projects/vision-node/build/cup_stacking_verify/build/lib/cup_stacking_verify/__init__.py -> /home/eunwoosong/Projects/vision-node/install/cup_stacking_verify/lib/python3.10/site-packages/cup_stacking_verify
[0.446s] copying /home/eunwoosong/Projects/vision-node/build/cup_stacking_verify/build/lib/cup_stacking_verify/test_pub.py -> /home/eunwoosong/Projects/vision-node/install/cup_stacking_verify/lib/python3.10/site-packages/cup_stacking_verify
[0.446s] copying /home/eunwoosong/Projects/vision-node/build/cup_stacking_verify/build/lib/cup_stacking_verify/verifier_node.py -> /home/eunwoosong/Projects/vision-node/install/cup_stacking_verify/lib/python3.10/site-packages/cup_stacking_verify
[0.446s] copying /home/eunwoosong/Projects/vision-node/build/cup_stacking_verify/build/lib/cup_stacking_verify/boxes_to_detections_node.py -> /home/eunwoosong/Projects/vision-node/install/cup_stacking_verify/lib/python3.10/site-packages/cup_stacking_verify
[0.446s] copying /home/eunwoosong/Projects/vision-node/build/cup_stacking_verify/build/lib/cup_stacking_verify/topic_logger_node.py -> /home/eunwoosong/Projects/vision-node/install/cup_stacking_verify/lib/python3.10/site-packages/cup_stacking_verify
[0.447s] byte-compiling /home/eunwoosong/Projects/vision-node/install/cup_stacking_verify/lib/python3.10/site-packages/cup_stacking_verify/__init__.py to __init__.cpython-310.pyc
[0.447s] byte-compiling /home/eunwoosong/Projects/vision-node/install/cup_stacking_verify/lib/python3.10/site-packages/cup_stacking_verify/test_pub.py to test_pub.cpython-310.pyc
[0.447s] byte-compiling /home/eunwoosong/Projects/vision-node/install/cup_stacking_verify/lib/python3.10/site-packages/cup_stacking_verify/verifier_node.py to verifier_node.cpython-310.pyc
[0.448s] byte-compiling /home/eunwoosong/Projects/vision-node/install/cup_stacking_verify/lib/python3.10/site-packages/cup_stacking_verify/boxes_to_detections_node.py to boxes_to_detections_node.cpython-310.pyc
[0.448s] byte-compiling /home/eunwoosong/Projects/vision-node/install/cup_stacking_verify/lib/python3.10/site-packages/cup_stacking_verify/topic_logger_node.py to topic_logger_node.cpython-310.pyc
[0.448s] running install_data
[0.448s] creating /home/eunwoosong/Projects/vision-node/install/cup_stacking_verify/share/ament_index
[0.448s] creating /home/eunwoosong/Projects/vision-node/install/cup_stacking_verify/share/ament_index/resource_index
[0.448s] creating /home/eunwoosong/Projects/vision-node/install/cup_stacking_verify/share/ament_index/resource_index/packages
[0.448s] copying resource/cup_stacking_verify -> /home/eunwoosong/Projects/vision-node/install/cup_stacking_verify/share/ament_index/resource_index/packages
[0.448s] copying package.xml -> /home/eunwoosong/Projects/vision-node/install/cup_stacking_verify/share/cup_stacking_verify
[0.448s] creating /home/eunwoosong/Projects/vision-node/install/cup_stacking_verify/share/cup_stacking_verify/launch
[0.448s] copying launch/cup_verify.launch.py -> /home/eunwoosong/Projects/vision-node/install/cup_stacking_verify/share/cup_stacking_verify/launch
[0.448s] creating /home/eunwoosong/Projects/vision-node/install/cup_stacking_verify/share/cup_stacking_verify/rviz
[0.448s] copying rviz/cup_verify.rviz -> /home/eunwoosong/Projects/vision-node/install/cup_stacking_verify/share/cup_stacking_verify/rviz
[0.448s] running install_egg_info
[0.449s] Copying ../../build/cup_stacking_verify/cup_stacking_verify.egg-info to /home/eunwoosong/Projects/vision-node/install/cup_stacking_verify/lib/python3.10/site-packages/cup_stacking_verify-0.0.0-py3.10.egg-info
[0.449s] running install_scripts
[0.460s] Installing boxes_to_detections script to /home/eunwoosong/Projects/vision-node/install/cup_stacking_verify/lib/cup_stacking_verify
[0.460s] Installing test_publisher script to /home/eunwoosong/Projects/vision-node/install/cup_stacking_verify/lib/cup_stacking_verify
[0.460s] Installing topic_logger script to /home/eunwoosong/Projects/vision-node/install/cup_stacking_verify/lib/cup_stacking_verify
[0.460s] Installing verifier script to /home/eunwoosong/Projects/vision-node/install/cup_stacking_verify/lib/cup_stacking_verify
[0.460s] writing list of installed files to '/home/eunwoosong/Projects/vision-node/build/cup_stacking_verify/install.log'
[0.473s] Invoked command in '/home/eunwoosong/Projects/vision-node/src/cup_stacking_verify' returned '0': PYTHONPATH=/home/eunwoosong/Projects/vision-node/build/cup_stacking_verify/prefix_override:/usr/lib/python3/dist-packages/colcon_core/task/python/colcon_distutils_commands:/home/eunwoosong/Projects/vision-node/install/cup_stacking_verify/lib/python3.10/site-packages:${PYTHONPATH} VIRTUAL_ENV_PROMPT=(.venv) /usr/bin/python3 -W ignore:setup.py install is deprecated -W ignore:easy_install command is deprecated setup.py egg_info --egg-base ../../build/cup_stacking_verify build --build-base /home/eunwoosong/Projects/vision-node/build/cup_stacking_verify/build install --record /home/eunwoosong/Projects/vision-node/build/cup_stacking_verify/install.log --single-version-externally-managed install_data
