[0.279s] Invoking command in '/home/ssu/vision-node_ws/build/cup_stacking_verify': PYTHONPATH=/home/ssu/vision-node_ws/build/cup_stacking_verify/prefix_override:/usr/lib/python3/dist-packages/colcon_core/task/python/colcon_distutils_commands:/home/ssu/vision-node_ws/install/cup_stacking_verify/lib/python3.10/site-packages:${PYTHONPATH} /usr/bin/python3 -W ignore:setup.py install is deprecated -W ignore:easy_install command is deprecated setup.py develop --uninstall --editable --build-directory /home/ssu/vision-node_ws/build/cup_stacking_verify/build
[0.389s] running develop
[0.461s] Removing /home/ssu/vision-node_ws/install/cup_stacking_verify/lib/python3.10/site-packages/cup-stacking-verify.egg-link (link to .)
[0.473s] Invoked command in '/home/ssu/vision-node_ws/build/cup_stacking_verify' returned '0': PYTHONPATH=/home/ssu/vision-node_ws/build/cup_stacking_verify/prefix_override:/usr/lib/python3/dist-packages/colcon_core/task/python/colcon_distutils_commands:/home/ssu/vision-node_ws/install/cup_stacking_verify/lib/python3.10/site-packages:${PYTHONPATH} /usr/bin/python3 -W ignore:setup.py install is deprecated -W ignore:easy_install command is deprecated setup.py develop --uninstall --editable --build-directory /home/ssu/vision-node_ws/build/cup_stacking_verify/build
[0.474s] Invoking command in '/home/ssu/vision-node_ws/src/cup_stacking_verify': PYTHONPATH=/home/ssu/vision-node_ws/build/cup_stacking_verify/prefix_override:/usr/lib/python3/dist-packages/colcon_core/task/python/colcon_distutils_commands:/home/ssu/vision-node_ws/install/cup_stacking_verify/lib/python3.10/site-packages:${PYTHONPATH} /usr/bin/python3 -W ignore:setup.py install is deprecated -W ignore:easy_install command is deprecated setup.py egg_info --egg-base ../../build/cup_stacking_verify build --build-base /home/ssu/vision-node_ws/build/cup_stacking_verify/build install --record /home/ssu/vision-node_ws/build/cup_stacking_verify/install.log --single-version-externally-managed install_data --force
[0.581s] running egg_info
[0.581s] writing ../../build/cup_stacking_verify/cup_stacking_verify.egg-info/PKG-INFO
[0.581s] writing dependency_links to ../../build/cup_stacking_verify/cup_stacking_verify.egg-info/dependency_links.txt
[0.581s] writing entry points to ../../build/cup_stacking_verify/cup_stacking_verify.egg-info/entry_points.txt
[0.581s] writing requirements to ../../build/cup_stacking_verify/cup_stacking_verify.egg-info/requires.txt
[0.582s] writing top-level names to ../../build/cup_stacking_verify/cup_stacking_verify.egg-info/top_level.txt
[0.582s] reading manifest file '../../build/cup_stacking_verify/cup_stacking_verify.egg-info/SOURCES.txt'
[0.583s] writing manifest file '../../build/cup_stacking_verify/cup_stacking_verify.egg-info/SOURCES.txt'
[0.583s] running build
[0.583s] running build_py
[0.583s] running install
[0.583s] running install_lib
[0.583s] creating /home/ssu/vision-node_ws/install/cup_stacking_verify/lib/python3.10/site-packages/cup_stacking_verify
[0.583s] copying /home/ssu/vision-node_ws/build/cup_stacking_verify/build/lib/cup_stacking_verify/__init__.py -> /home/ssu/vision-node_ws/install/cup_stacking_verify/lib/python3.10/site-packages/cup_stacking_verify
[0.588s] copying /home/ssu/vision-node_ws/build/cup_stacking_verify/build/lib/cup_stacking_verify/test_pub.py -> /home/ssu/vision-node_ws/install/cup_stacking_verify/lib/python3.10/site-packages/cup_stacking_verify
[0.589s] copying /home/ssu/vision-node_ws/build/cup_stacking_verify/build/lib/cup_stacking_verify/verifier_node.py -> /home/ssu/vision-node_ws/install/cup_stacking_verify/lib/python3.10/site-packages/cup_stacking_verify
[0.589s] byte-compiling /home/ssu/vision-node_ws/install/cup_stacking_verify/lib/python3.10/site-packages/cup_stacking_verify/__init__.py to __init__.cpython-310.pyc
[0.589s] byte-compiling /home/ssu/vision-node_ws/install/cup_stacking_verify/lib/python3.10/site-packages/cup_stacking_verify/test_pub.py to test_pub.cpython-310.pyc
[0.590s] byte-compiling /home/ssu/vision-node_ws/install/cup_stacking_verify/lib/python3.10/site-packages/cup_stacking_verify/verifier_node.py to verifier_node.cpython-310.pyc
[0.590s] running install_data
[0.590s] copying resource/cup_stacking_verify -> /home/ssu/vision-node_ws/install/cup_stacking_verify/share/ament_index/resource_index/packages
[0.590s] copying package.xml -> /home/ssu/vision-node_ws/install/cup_stacking_verify/share/cup_stacking_verify
[0.590s] running install_egg_info
[0.590s] Copying ../../build/cup_stacking_verify/cup_stacking_verify.egg-info to /home/ssu/vision-node_ws/install/cup_stacking_verify/lib/python3.10/site-packages/cup_stacking_verify-0.0.0-py3.10.egg-info
[0.590s] running install_scripts
[0.599s] Installing test_publisher script to /home/ssu/vision-node_ws/install/cup_stacking_verify/lib/cup_stacking_verify
[0.600s] Installing verifier script to /home/ssu/vision-node_ws/install/cup_stacking_verify/lib/cup_stacking_verify
[0.600s] writing list of installed files to '/home/ssu/vision-node_ws/build/cup_stacking_verify/install.log'
[0.611s] Invoked command in '/home/ssu/vision-node_ws/src/cup_stacking_verify' returned '0': PYTHONPATH=/home/ssu/vision-node_ws/build/cup_stacking_verify/prefix_override:/usr/lib/python3/dist-packages/colcon_core/task/python/colcon_distutils_commands:/home/ssu/vision-node_ws/install/cup_stacking_verify/lib/python3.10/site-packages:${PYTHONPATH} /usr/bin/python3 -W ignore:setup.py install is deprecated -W ignore:easy_install command is deprecated setup.py egg_info --egg-base ../../build/cup_stacking_verify build --build-base /home/ssu/vision-node_ws/build/cup_stacking_verify/build install --record /home/ssu/vision-node_ws/build/cup_stacking_verify/install.log --single-version-externally-managed install_data --force
