/home/eunwoosong/Projects/vision-node/install/cup_stacking_verify/lib/python3.10/site-packages/cup_stacking_verify/__init__.py
/home/eunwoosong/Projects/vision-node/install/cup_stacking_verify/lib/python3.10/site-packages/cup_stacking_verify/test_pub.py
/home/eunwoosong/Projects/vision-node/install/cup_stacking_verify/lib/python3.10/site-packages/cup_stacking_verify/verifier_node.py
/home/eunwoosong/Projects/vision-node/install/cup_stacking_verify/lib/python3.10/site-packages/cup_stacking_verify/boxes_to_detections_node.py
/home/eunwoosong/Projects/vision-node/install/cup_stacking_verify/lib/python3.10/site-packages/cup_stacking_verify/topic_logger_node.py
/home/eunwoosong/Projects/vision-node/install/cup_stacking_verify/lib/python3.10/site-packages/cup_stacking_verify/__pycache__/__init__.cpython-310.pyc
/home/eunwoosong/Projects/vision-node/install/cup_stacking_verify/lib/python3.10/site-packages/cup_stacking_verify/__pycache__/test_pub.cpython-310.pyc
/home/eunwoosong/Projects/vision-node/install/cup_stacking_verify/lib/python3.10/site-packages/cup_stacking_verify/__pycache__/verifier_node.cpython-310.pyc
/home/eunwoosong/Projects/vision-node/install/cup_stacking_verify/lib/python3.10/site-packages/cup_stacking_verify/__pycache__/boxes_to_detections_node.cpython-310.pyc
/home/eunwoosong/Projects/vision-node/install/cup_stacking_verify/lib/python3.10/site-packages/cup_stacking_verify/__pycache__/topic_logger_node.cpython-310.pyc
/home/eunwoosong/Projects/vision-node/install/cup_stacking_verify/share/ament_index/resource_index/packages/cup_stacking_verify
/home/eunwoosong/Projects/vision-node/install/cup_stacking_verify/share/cup_stacking_verify/package.xml
/home/eunwoosong/Projects/vision-node/install/cup_stacking_verify/share/cup_stacking_verify/launch/cup_verify.launch.py
/home/eunwoosong/Projects/vision-node/install/cup_stacking_verify/share/cup_stacking_verify/rviz/cup_verify.rviz
/home/eunwoosong/Projects/vision-node/install/cup_stacking_verify/lib/python3.10/site-packages/cup_stacking_verify-0.0.0-py3.10.egg-info/PKG-INFO
/home/eunwoosong/Projects/vision-node/install/cup_stacking_verify/lib/python3.10/site-packages/cup_stacking_verify-0.0.0-py3.10.egg-info/zip-safe
/home/eunwoosong/Projects/vision-node/install/cup_stacking_verify/lib/python3.10/site-packages/cup_stacking_verify-0.0.0-py3.10.egg-info/dependency_links.txt
/home/eunwoosong/Projects/vision-node/install/cup_stacking_verify/lib/python3.10/site-packages/cup_stacking_verify-0.0.0-py3.10.egg-info/entry_points.txt
/home/eunwoosong/Projects/vision-node/install/cup_stacking_verify/lib/python3.10/site-packages/cup_stacking_verify-0.0.0-py3.10.egg-info/requires.txt
/home/eunwoosong/Projects/vision-node/install/cup_stacking_verify/lib/python3.10/site-packages/cup_stacking_verify-0.0.0-py3.10.egg-info/top_level.txt
/home/eunwoosong/Projects/vision-node/install/cup_stacking_verify/lib/python3.10/site-packages/cup_stacking_verify-0.0.0-py3.10.egg-info/SOURCES.txt
/home/eunwoosong/Projects/vision-node/install/cup_stacking_verify/lib/cup_stacking_verify/boxes_to_detections
/home/eunwoosong/Projects/vision-node/install/cup_stacking_verify/lib/cup_stacking_verify/test_publisher
/home/eunwoosong/Projects/vision-node/install/cup_stacking_verify/lib/cup_stacking_verify/topic_logger
/home/eunwoosong/Projects/vision-node/install/cup_stacking_verify/lib/cup_stacking_verify/verifier
